<?xml version="1.0" encoding="UTF-8"?>
<testng-results skipped="0" failed="0" ignored="0" total="1" passed="1">
  <reporter-output>
  </reporter-output>
  <suite name="Default suite" duration-ms="25753" started-at="2020-05-15T19:44:36Z" finished-at="2020-05-15T19:45:02Z">
    <groups>
    </groups>
    <test name="Default test" duration-ms="25753" started-at="2020-05-15T19:44:36Z" finished-at="2020-05-15T19:45:02Z">
      <class name="JavaTest.FirstTest">
        <test-method status="PASS" signature="firstTest()[pri:0, instance:JavaTest.FirstTest@ae45eb6]" name="firstTest" duration-ms="25709" started-at="2020-05-15T19:44:36Z" finished-at="2020-05-15T19:45:02Z">
          <reporter-output>
          </reporter-output>
        </test-method> <!-- firstTest -->
      </class> <!-- JavaTest.FirstTest -->
    </test> <!-- Default test -->
  </suite> <!-- Default suite -->
</testng-results>
